<?xml version="1.0" encoding="UTF-8"?>
<!-- Generated by org.testng.reporters.JUnitXMLReporter -->
<testsuite ignored="0" hostname="DESKTOP-TIC5DM4" failures="0" tests="7" name="Test" time="111.018" errors="0" timestamp="2024-08-08T00:03:36 IST">
  <testcase classname="com.store.TestCases.SignUp" name="testSignUpFunction" time="6.253"/>
  <testcase classname="com.store.TestCases.Login" name="testLogin" time="10.498"/>
  <testcase classname="com.store.TestCases.Login" name="testInvalidUsernameandpassword" time="7.255"/>
  <testcase classname="com.store.TestCases.ContactPage" name="testContactForm" time="11.274"/>
  <testcase classname="com.store.TestCases.HomePage" name="testHomeFunction" time="3.314"/>
  <testcase classname="com.store.TestCases.PlaceOrderPage" name="placeOrder" time="21.634"/>
  <testcase classname="com.store.TestCases.CartPage" name="testCartFunction" time="11.362"/>
</testsuite> <!-- Test -->
