<?xml version="1.0" encoding="UTF-8"?>
<testng-results ignored="0" total="7" passed="7" failed="0" skipped="0">
  <reporter-output>
  </reporter-output>
  <suite started-at="2024-08-08T00:01:45 IST" name="Suite" finished-at="2024-08-08T00:03:36 IST" duration-ms="111018">
    <groups>
    </groups>
    <test started-at="2024-08-08T00:01:45 IST" name="Test" finished-at="2024-08-08T00:03:36 IST" duration-ms="111018">
      <class name="com.store.TestCases.HomePage">
        <test-method is-config="true" signature="setup()[pri:0, instance:com.store.TestCases.HomePage@1f59a598]" started-at="2024-08-08T00:02:43 IST" name="setup" finished-at="2024-08-08T00:02:48 IST" duration-ms="4753" status="PASS">
          <reporter-output>
          </reporter-output>
        </test-method> <!-- setup -->
        <test-method is-config="true" signature="beforeMethod()[pri:0, instance:com.store.TestCases.HomePage@1f59a598]" started-at="2024-08-08T00:02:48 IST" name="beforeMethod" finished-at="2024-08-08T00:02:48 IST" duration-ms="1" status="PASS">
          <reporter-output>
          </reporter-output>
        </test-method> <!-- beforeMethod -->
        <test-method signature="testHomeFunction()[pri:0, instance:com.store.TestCases.HomePage@1f59a598]" started-at="2024-08-08T00:02:48 IST" name="testHomeFunction" finished-at="2024-08-08T00:02:51 IST" duration-ms="3314" status="PASS">
          <reporter-output>
          </reporter-output>
        </test-method> <!-- testHomeFunction -->
        <test-method is-config="true" signature="afterMethod()[pri:0, instance:com.store.TestCases.HomePage@1f59a598]" started-at="2024-08-08T00:02:51 IST" name="afterMethod" finished-at="2024-08-08T00:02:51 IST" duration-ms="220" status="PASS">
          <reporter-output>
          </reporter-output>
        </test-method> <!-- afterMethod -->
        <test-method is-config="true" signature="close()[pri:0, instance:com.store.TestCases.HomePage@1f59a598]" started-at="2024-08-08T00:02:51 IST" name="close" finished-at="2024-08-08T00:02:52 IST" duration-ms="513" status="PASS">
          <reporter-output>
          </reporter-output>
        </test-method> <!-- close -->
      </class> <!-- com.store.TestCases.HomePage -->
      <class name="com.store.TestCases.PlaceOrderPage">
        <test-method is-config="true" signature="setup()[pri:0, instance:com.store.TestCases.PlaceOrderPage@1e178745]" started-at="2024-08-08T00:02:52 IST" name="setup" finished-at="2024-08-08T00:02:57 IST" duration-ms="4812" status="PASS">
          <reporter-output>
          </reporter-output>
        </test-method> <!-- setup -->
        <test-method is-config="true" signature="beforeMethod()[pri:0, instance:com.store.TestCases.PlaceOrderPage@1e178745]" started-at="2024-08-08T00:02:57 IST" name="beforeMethod" finished-at="2024-08-08T00:02:57 IST" duration-ms="3" status="PASS">
          <reporter-output>
          </reporter-output>
        </test-method> <!-- beforeMethod -->
        <test-method signature="placeOrder()[pri:0, instance:com.store.TestCases.PlaceOrderPage@1e178745]" started-at="2024-08-08T00:02:57 IST" name="placeOrder" finished-at="2024-08-08T00:03:18 IST" duration-ms="21634" status="PASS">
          <reporter-output>
          </reporter-output>
        </test-method> <!-- placeOrder -->
        <test-method is-config="true" signature="afterMethod()[pri:0, instance:com.store.TestCases.PlaceOrderPage@1e178745]" started-at="2024-08-08T00:03:18 IST" name="afterMethod" finished-at="2024-08-08T00:03:19 IST" duration-ms="129" status="PASS">
          <reporter-output>
          </reporter-output>
        </test-method> <!-- afterMethod -->
        <test-method is-config="true" signature="close()[pri:0, instance:com.store.TestCases.PlaceOrderPage@1e178745]" started-at="2024-08-08T00:03:19 IST" name="close" finished-at="2024-08-08T00:03:19 IST" duration-ms="608" status="PASS">
          <reporter-output>
          </reporter-output>
        </test-method> <!-- close -->
      </class> <!-- com.store.TestCases.PlaceOrderPage -->
      <class name="com.store.TestCases.CartPage">
        <test-method is-config="true" signature="setup()[pri:0, instance:com.store.TestCases.CartPage@192c3f1e]" started-at="2024-08-08T00:03:19 IST" name="setup" finished-at="2024-08-08T00:03:24 IST" duration-ms="4796" status="PASS">
          <reporter-output>
          </reporter-output>
        </test-method> <!-- setup -->
        <test-method signature="testCartFunction()[pri:0, instance:com.store.TestCases.CartPage@192c3f1e]" started-at="2024-08-08T00:03:24 IST" name="testCartFunction" finished-at="2024-08-08T00:03:35 IST" duration-ms="11362" status="PASS">
          <reporter-output>
          </reporter-output>
        </test-method> <!-- testCartFunction -->
        <test-method is-config="true" signature="beforeMethod()[pri:0, instance:com.store.TestCases.CartPage@192c3f1e]" started-at="2024-08-08T00:03:24 IST" name="beforeMethod" finished-at="2024-08-08T00:03:24 IST" duration-ms="0" status="PASS">
          <reporter-output>
          </reporter-output>
        </test-method> <!-- beforeMethod -->
        <test-method is-config="true" signature="afterMethod()[pri:0, instance:com.store.TestCases.CartPage@192c3f1e]" started-at="2024-08-08T00:03:35 IST" name="afterMethod" finished-at="2024-08-08T00:03:36 IST" duration-ms="172" status="PASS">
          <reporter-output>
          </reporter-output>
        </test-method> <!-- afterMethod -->
        <test-method is-config="true" signature="close()[pri:0, instance:com.store.TestCases.CartPage@192c3f1e]" started-at="2024-08-08T00:03:36 IST" name="close" finished-at="2024-08-08T00:03:36 IST" duration-ms="427" status="PASS">
          <reporter-output>
          </reporter-output>
        </test-method> <!-- close -->
      </class> <!-- com.store.TestCases.CartPage -->
      <class name="com.store.TestCases.ContactPage">
        <test-method is-config="true" signature="setup()[pri:0, instance:com.store.TestCases.ContactPage@7ee8290b]" started-at="2024-08-08T00:02:26 IST" name="setup" finished-at="2024-08-08T00:02:31 IST" duration-ms="4860" status="PASS">
          <reporter-output>
          </reporter-output>
        </test-method> <!-- setup -->
        <test-method is-config="true" signature="beforeMethod()[pri:0, instance:com.store.TestCases.ContactPage@7ee8290b]" started-at="2024-08-08T00:02:31 IST" name="beforeMethod" finished-at="2024-08-08T00:02:31 IST" duration-ms="0" status="PASS">
          <reporter-output>
          </reporter-output>
        </test-method> <!-- beforeMethod -->
        <test-method signature="testContactForm()[pri:0, instance:com.store.TestCases.ContactPage@7ee8290b]" started-at="2024-08-08T00:02:31 IST" name="testContactForm" finished-at="2024-08-08T00:02:42 IST" duration-ms="11274" status="PASS">
          <reporter-output>
          </reporter-output>
        </test-method> <!-- testContactForm -->
        <test-method is-config="true" signature="afterMethod()[pri:0, instance:com.store.TestCases.ContactPage@7ee8290b]" started-at="2024-08-08T00:02:42 IST" name="afterMethod" finished-at="2024-08-08T00:02:43 IST" duration-ms="386" status="PASS">
          <reporter-output>
          </reporter-output>
        </test-method> <!-- afterMethod -->
        <test-method is-config="true" signature="close()[pri:0, instance:com.store.TestCases.ContactPage@7ee8290b]" started-at="2024-08-08T00:02:43 IST" name="close" finished-at="2024-08-08T00:02:43 IST" duration-ms="540" status="PASS">
          <reporter-output>
          </reporter-output>
        </test-method> <!-- close -->
      </class> <!-- com.store.TestCases.ContactPage -->
      <class name="com.store.TestCases.Login">
        <test-method is-config="true" signature="setup()[pri:0, instance:com.store.TestCases.Login@f79e]" started-at="2024-08-08T00:02:02 IST" name="setup" finished-at="2024-08-08T00:02:07 IST" duration-ms="5039" status="PASS">
          <reporter-output>
          </reporter-output>
        </test-method> <!-- setup -->
        <test-method is-config="true" signature="beforeMethod()[pri:0, instance:com.store.TestCases.Login@f79e]" started-at="2024-08-08T00:02:07 IST" name="beforeMethod" finished-at="2024-08-08T00:02:07 IST" duration-ms="1" status="PASS">
          <reporter-output>
          </reporter-output>
        </test-method> <!-- beforeMethod -->
        <test-method signature="testLogin()[pri:0, instance:com.store.TestCases.Login@f79e]" started-at="2024-08-08T00:02:07 IST" name="testLogin" finished-at="2024-08-08T00:02:18 IST" duration-ms="10498" status="PASS">
          <reporter-output>
          </reporter-output>
        </test-method> <!-- testLogin -->
        <test-method is-config="true" signature="afterMethod()[pri:0, instance:com.store.TestCases.Login@f79e]" started-at="2024-08-08T00:02:18 IST" name="afterMethod" finished-at="2024-08-08T00:02:18 IST" duration-ms="284" status="PASS">
          <reporter-output>
          </reporter-output>
        </test-method> <!-- afterMethod -->
        <test-method is-config="true" signature="beforeMethod()[pri:0, instance:com.store.TestCases.Login@f79e]" started-at="2024-08-08T00:02:18 IST" name="beforeMethod" finished-at="2024-08-08T00:02:18 IST" duration-ms="1" status="PASS">
          <reporter-output>
          </reporter-output>
        </test-method> <!-- beforeMethod -->
        <test-method signature="testInvalidUsernameandpassword()[pri:1, instance:com.store.TestCases.Login@f79e]" started-at="2024-08-08T00:02:18 IST" name="testInvalidUsernameandpassword" finished-at="2024-08-08T00:02:25 IST" duration-ms="7255" status="PASS">
          <reporter-output>
          </reporter-output>
        </test-method> <!-- testInvalidUsernameandpassword -->
        <test-method is-config="true" signature="afterMethod()[pri:0, instance:com.store.TestCases.Login@f79e]" started-at="2024-08-08T00:02:25 IST" name="afterMethod" finished-at="2024-08-08T00:02:26 IST" duration-ms="199" status="PASS">
          <reporter-output>
          </reporter-output>
        </test-method> <!-- afterMethod -->
        <test-method is-config="true" signature="close()[pri:0, instance:com.store.TestCases.Login@f79e]" started-at="2024-08-08T00:02:26 IST" name="close" finished-at="2024-08-08T00:02:26 IST" duration-ms="583" status="PASS">
          <reporter-output>
          </reporter-output>
        </test-method> <!-- close -->
      </class> <!-- com.store.TestCases.Login -->
      <class name="com.store.TestCases.SignUp">
        <test-method is-config="true" signature="setup()[pri:0, instance:com.store.TestCases.SignUp@399c4be1]" started-at="2024-08-08T00:01:45 IST" name="setup" finished-at="2024-08-08T00:01:54 IST" duration-ms="8508" status="PASS">
          <reporter-output>
          </reporter-output>
        </test-method> <!-- setup -->
        <test-method is-config="true" signature="beforeMethod()[pri:0, instance:com.store.TestCases.SignUp@399c4be1]" started-at="2024-08-08T00:01:54 IST" name="beforeMethod" finished-at="2024-08-08T00:01:54 IST" duration-ms="25" status="PASS">
          <reporter-output>
          </reporter-output>
        </test-method> <!-- beforeMethod -->
        <test-method signature="testSignUpFunction()[pri:0, instance:com.store.TestCases.SignUp@399c4be1]" started-at="2024-08-08T00:01:54 IST" name="testSignUpFunction" finished-at="2024-08-08T00:02:00 IST" duration-ms="6253" status="PASS">
          <reporter-output>
          </reporter-output>
        </test-method> <!-- testSignUpFunction -->
        <test-method is-config="true" signature="afterMethod()[pri:0, instance:com.store.TestCases.SignUp@399c4be1]" started-at="2024-08-08T00:02:00 IST" name="afterMethod" finished-at="2024-08-08T00:02:01 IST" duration-ms="1468" status="PASS">
          <reporter-output>
          </reporter-output>
        </test-method> <!-- afterMethod -->
        <test-method is-config="true" signature="close()[pri:0, instance:com.store.TestCases.SignUp@399c4be1]" started-at="2024-08-08T00:02:01 IST" name="close" finished-at="2024-08-08T00:02:02 IST" duration-ms="824" status="PASS">
          <reporter-output>
          </reporter-output>
        </test-method> <!-- close -->
      </class> <!-- com.store.TestCases.SignUp -->
    </test> <!-- Test -->
  </suite> <!-- Suite -->
</testng-results>
